Running query [1] : [SELECT_GROUP_BY]
Query progress so far: 100.0%
Data scanned so far is: 1.241917 MB
Data metered so far is: 9.536743 MB
Data: 
Query progress so far: 100.0%
Data scanned so far is: 1.241917 MB
Data metered so far is: 9.536743 MB
Data: 
{['vin=vin-64584454109586', 'total=1231.4392886090702']}
{['vin=vin-82088154012432', 'total=810.8325804592355']}
{['vin=vin-56956433595885', 'total=1329.125483568758']}
{['vin=vin-91880036820600', 'total=522.967464887671']}
{['vin=vin-60639805283685', 'total=1296.0081994268946']}
{['vin=vin-82911770998574', 'total=1092.3076103488283']}
{['vin=vin-26391110513498', 'total=688.744314622202']}
{['vin=vin-98975559459600', 'total=885.3510560730745']}
{['vin=vin-54857302562446', 'total=1327.017556854384']}
{['vin=vin-87621642536411', 'total=643.2841072381244']}
{['vin=vin-65155038384237', 'total=788.5680780666886']}
{['vin=vin-79761126507726', 'total=1125.8577355620641']}
{['vin=vin-39068243680094', 'total=831.2951453930501']}
{['vin=vin-29727441561483', 'total=860.1496555789089']}
{['vin=vin-99953383234641', 'total=106.0']}
{['vin=vin-50907288238266', 'total=768.7607063129361']}
{['vin=vin-75120893287877', 'total=1252.3266295428439']}
{['vin=vin-22781054804520', 'total=1046.1829214781237']}
{['vin=vin-25383580989539', 'total=694.3060760859211']}
{['vin=vin-96109158353310', 'total=1173.8752664398507']}
Query progress so far: 100.0%
Data scanned so far is: 1.241917 MB
Data metered so far is: 9.536743 MB
Data: 
{['vin=vin-44116461022996', 'total=492.1223900639286']}
{['vin=vin-76376867952869', 'total=1075.8942829593234']}
{['vin=vin-65895319336906', 'total=899.8851260035327']}
{['vin=vin-20241801826310', 'total=593.8305874157674']}
{['vin=vin-64106284946786', 'total=1376.0280280397258']}
{['vin=vin-46416356207493', 'total=747.159170217474']}
{['vin=vin-98197025364861', 'total=1508.3296708248004']}
{['vin=vin-89888480332891', 'total=624.3180915278278']}
{['vin=vin-21322671397584', 'total=1278.5315639835064']}
{['vin=vin-29605738816617', 'total=1028.9130461110572']}
{['vin=vin-64973708102327', 'total=1381.2644432688805']}
{['vin=vin-89787752199255', 'total=934.8923524917459']}
{['vin=vin-59802992392932', 'total=1104.3941670690272']}
{['vin=vin-60802564867757', 'total=851.6195220938915']}
{['vin=vin-66089421166745', 'total=642.6629224179569']}
{['vin=vin-56007596939816', 'total=947.2785206943624']}
{['vin=vin-10660065182452', 'total=464.31816385318996']}
{['vin=vin-43729440904900', 'total=731.3436212160278']}
{['vin=vin-71105578714794', 'total=1054.533253045157']}
{['vin=vin-21010852139716', 'total=821.864009653965']}
Query progress so far: 100.0%
Data scanned so far is: 1.241917 MB
Data metered so far is: 9.536743 MB
Data: 
{['vin=vin-50925548125324', 'total=559.287693403479']}
{['vin=vin-53879814850917', 'total=1052.704893863534']}
{['vin=vin-95596174029723', 'total=771.7539175270305']}
{['vin=vin-58241302460605', 'total=1401.0101134797596']}
{['vin=vin-73424061515925', 'total=1216.9362606865118']}
{['vin=vin-34598396622041', 'total=752.9565350111361']}
{['vin=vin-72550020339428', 'total=500.6058655029075']}
{['vin=vin-89027026554054', 'total=738.0135294718699']}
{['vin=vin-98844848589704', 'total=611.6125618658286']}
{['vin=vin-71526562069344', 'total=1140.1789480853715']}
{['vin=vin-44846500767608', 'total=908.7324851632912']}
{['vin=vin-42552577057947', 'total=1280.9257713899112']}
{['vin=vin-38187929325429', 'total=955.8298627292652']}
{['vin=vin-42675082654463', 'total=1337.8070863291066']}
{['vin=vin-31955761777718', 'total=1373.2152193838147']}
{['vin=vin-20721433505501', 'total=879.4540834261026']}
{['vin=vin-11764967889348', 'total=1355.7121273048058']}
{['vin=vin-76431603935685', 'total=812.4674922974682']}
{['vin=vin-66452400385977', 'total=617.5040389415859']}
{['vin=vin-54828753397158', 'total=614.6476911354911']}
Query progress so far: 100.0%
Data scanned so far is: 1.241917 MB
Data metered so far is: 9.536743 MB
Data: 
{['vin=vin-37493265955214', 'total=1230.7838429339658']}
{['vin=vin-69001749407390', 'total=755.3911946134183']}
{['vin=vin-85335709229492', 'total=855.5099548457061']}
{['vin=vin-50037189795767', 'total=1400.2847660388652']}
{['vin=vin-70791662664164', 'total=1371.3848089016653']}
{['vin=vin-89779106083873', 'total=1289.995294143023']}
{['vin=vin-95506593852805', 'total=577.698786132687']}
{['vin=vin-92058700377462', 'total=963.2353342034161']}
{['vin=vin-51903026948430', 'total=1034.5504967299637']}
{['vin=vin-90823916717512', 'total=979.3181917616122']}
{['vin=vin-36165273902353', 'total=1014.4838135881942']}
{['vin=vin-73634428199926', 'total=1119.3009314135775']}
{['vin=vin-47500559266461', 'total=1305.18834537638']}
{['vin=vin-55623178421862', 'total=642.5473444687376']}
{['vin=vin-66451049999704', 'total=1395.7465790860279']}
{['vin=vin-94861962029667', 'total=912.8907904050722']}
{['vin=vin-96400737915868', 'total=929.4108865999717']}
{['vin=vin-70831626772088', 'total=1077.6829147077062']}
{['vin=vin-67475987934374', 'total=1375.915760062562']}
{['vin=vin-36211985248185', 'total=557.1412308060275']}
Query progress so far: 100.0%
Data scanned so far is: 1.241917 MB
Data metered so far is: 9.536743 MB
Data: 
{['vin=vin-35716688211507', 'total=445.34877110192673']}
{['vin=vin-63504008526047', 'total=523.665722144846']}
{['vin=vin-71565944751614', 'total=1399.9410464074256']}
{['vin=vin-56791738616632', 'total=1149.8421550111193']}
{['vin=vin-20905862162830', 'total=1176.9388921267491']}
{['vin=vin-95729222992864', 'total=801.2292159312647']}
{['vin=vin-66780806850429', 'total=502.65319861274344']}
{['vin=vin-28426856841902', 'total=645.3080106615729']}
{['vin=vin-83655815854859', 'total=1488.159783629711']}
{['vin=vin-86666488711910', 'total=1610.1354461625683']}
{['vin=vin-37044704958575', 'total=1173.560294952432']}
{['vin=vin-74285916064053', 'total=1008.7094702903224']}
{['vin=vin-59177054651398', 'total=681.1477564056585']}
{['vin=vin-10772916491669', 'total=532.4700237127721']}
{['vin=vin-32812588879886', 'total=950.7737267260154']}
{['vin=vin-77757166349625', 'total=637.696434302203']}
{['vin=vin-35424981586048', 'total=912.001712891757']}
{['vin=vin-97647210589918', 'total=535.9775865445889']}
{['vin=vin-12352638202637', 'total=1134.397854502382']}
{['vin=vin-30211875099931', 'total=638.0922859596193']}


### SELECT_GROUP_BY
|Seq|spent time          |
|1  |5.621581            |
|2  |3.328092            |
|3  |3.340777            |
|4  |3.150101            |
|5  |3.118926            |
Average data scan for SELECT_GROUP_BY is: 1.241917 MB

Average time for SELECT_GROUP_BY is: 3.711895 s

Running query [2] : [SELECT_MAX]
Query progress so far: 100.0%
Data scanned so far is: 0.189905 MB
Data metered so far is: 9.536743 MB
Data: 
{['max_sys=88.80253658625675', 'vin=vin-44059753749369']}
{['max_sys=361.0', 'vin=vin-31840794158011']}
{['max_sys=640.0', 'vin=vin-65998814628833']}
{['max_sys=518.0', 'vin=vin-41785714080699']}
{['max_sys=579.0', 'vin=vin-35591075350802']}
{['max_sys=166.0', 'vin=vin-48386422534830']}
{['max_sys=99.07322204797563', 'vin=vin-78415213157955']}
{['max_sys=788.0', 'vin=vin-18139483929002']}
{['max_sys=246.0', 'vin=vin-82404302763607']}
{['max_sys=766.0', 'vin=vin-41307883553563']}
{['max_sys=93.42895555837195', 'vin=vin-49251452911138']}
{['max_sys=328.0', 'vin=vin-25061629831508']}
{['max_sys=568.0', 'vin=vin-48376234811384']}
{['max_sys=919.0', 'vin=vin-89647034186996']}
{['max_sys=550.0', 'vin=vin-48315266174818']}
{['max_sys=311.0', 'vin=vin-11042971851149']}
{['max_sys=535.0', 'vin=vin-29221428941053']}
{['max_sys=673.0', 'vin=vin-39929440495727']}
{['max_sys=578.0', 'vin=vin-54036894302734']}
{['max_sys=551.0', 'vin=vin-84972171966457']}
Query progress so far: 100.0%
Data scanned so far is: 0.189905 MB
Data metered so far is: 9.536743 MB
Data: 
{['max_sys=796.0', 'vin=vin-59903648624157']}
{['max_sys=416.0', 'vin=vin-83167096407553']}
{['max_sys=225.0', 'vin=vin-95182770106731']}
{['max_sys=822.0', 'vin=vin-85840157764306']}
{['max_sys=319.0', 'vin=vin-88776809989365']}
{['max_sys=98.69247592600506', 'vin=vin-50460940276312']}
{['max_sys=99.0', 'vin=vin-63263878403862']}
{['max_sys=979.0', 'vin=vin-97876950105238']}
{['max_sys=316.0', 'vin=vin-18162417223593']}
{['max_sys=304.0', 'vin=vin-92487431155239']}
{['max_sys=465.0', 'vin=vin-12810994183359']}
{['max_sys=250.0', 'vin=vin-20875932671569']}
{['max_sys=922.0', 'vin=vin-64421460480914']}
{['max_sys=786.0', 'vin=vin-87545512945741']}
{['max_sys=757.0', 'vin=vin-62250047519149']}
{['max_sys=99.60723804914599', 'vin=vin-29329510563290']}
{['max_sys=204.0', 'vin=vin-82088154012432']}
{['max_sys=988.0', 'vin=vin-56956433595885']}
{['max_sys=339.0', 'vin=vin-65155038384237']}
{['max_sys=93.0', 'vin=vin-91880036820600']}
Query progress so far: 100.0%
Data scanned so far is: 0.189905 MB
Data metered so far is: 9.536743 MB
Data: 
{['max_sys=950.0', 'vin=vin-14304716517339']}
{['max_sys=994.0', 'vin=vin-71642520357022']}
{['max_sys=416.0', 'vin=vin-64366638131906']}
{['max_sys=135.0', 'vin=vin-24673398082629']}
{['max_sys=269.0', 'vin=vin-42297661646710']}
{['max_sys=767.0', 'vin=vin-78771779942271']}
{['max_sys=154.0', 'vin=vin-75622177041244']}
{['max_sys=124.0', 'vin=vin-31175045019662']}
{['max_sys=404.0', 'vin=vin-46339098237220']}
{['max_sys=660.0', 'vin=vin-16382141913973']}
{['max_sys=648.0', 'vin=vin-77667999832637']}
{['max_sys=741.0', 'vin=vin-33132608495290']}
{['max_sys=256.0', 'vin=vin-52919467525182']}
{['max_sys=396.0', 'vin=vin-21010852139716']}
{['max_sys=789.0', 'vin=vin-75178584599708']}
{['max_sys=254.0', 'vin=vin-17568696401722']}
{['max_sys=315.0', 'vin=vin-89710842168672']}
{['max_sys=98.68604913138289', 'vin=vin-36066192141581']}
{['max_sys=271.0', 'vin=vin-58698429758755']}
{['max_sys=661.0', 'vin=vin-27504805028653']}
Query progress so far: 100.0%
Data scanned so far is: 0.189905 MB
Data metered so far is: 9.536743 MB
Data: 
{['max_sys=311.0', 'vin=vin-72277617973799']}
{['max_sys=85.05559186718857', 'vin=vin-18425290713705']}
{['max_sys=72.0', 'vin=vin-83183589680727']}
{['max_sys=636.0', 'vin=vin-81807346232817']}
{['max_sys=617.0', 'vin=vin-28582637061469']}
{['max_sys=289.0', 'vin=vin-59589360994496']}
{['max_sys=927.0', 'vin=vin-14562829438426']}
{['max_sys=601.0', 'vin=vin-41408725185741']}
{['max_sys=897.0', 'vin=vin-71409079509095']}
{['max_sys=117.0', 'vin=vin-74207334362493']}
{['max_sys=289.0', 'vin=vin-26709331227709']}
{['max_sys=756.0', 'vin=vin-73331421772164']}
{['max_sys=117.0', 'vin=vin-92478359434736']}
{['max_sys=730.0', 'vin=vin-58814697540165']}
{['max_sys=842.0', 'vin=vin-60268579486141']}
{['max_sys=811.0', 'vin=vin-14060775201924']}
{['max_sys=485.0', 'vin=vin-26246052578249']}
{['max_sys=923.0', 'vin=vin-98598442316932']}
{['max_sys=533.0', 'vin=vin-75482185423017']}
{['max_sys=388.0', 'vin=vin-72886363058345']}
Query progress so far: 100.0%
Data scanned so far is: 0.189905 MB
Data metered so far is: 9.536743 MB
Data: 
{['max_sys=204.0', 'vin=vin-82088154012432']}
{['max_sys=481.0', 'vin=vin-29727441561483']}
{['max_sys=489.0', 'vin=vin-22781054804520']}
{['max_sys=205.0', 'vin=vin-25383580989539']}
{['max_sys=765.0', 'vin=vin-54857302562446']}
{['max_sys=677.0', 'vin=vin-64584454109586']}
{['max_sys=93.0', 'vin=vin-91880036820600']}
{['max_sys=225.0', 'vin=vin-50907288238266']}
{['max_sys=771.0', 'vin=vin-75120893287877']}
{['max_sys=622.0', 'vin=vin-82911770998574']}
{['max_sys=146.0', 'vin=vin-26391110513498']}
{['max_sys=700.0', 'vin=vin-96109158353310']}
{['max_sys=285.0', 'vin=vin-87621642536411']}
{['max_sys=978.0', 'vin=vin-60639805283685']}
{['max_sys=409.0', 'vin=vin-98975559459600']}
{['max_sys=988.0', 'vin=vin-56956433595885']}
{['max_sys=339.0', 'vin=vin-65155038384237']}
{['max_sys=615.0', 'vin=vin-79761126507726']}
{['max_sys=466.0', 'vin=vin-39068243680094']}
{['max_sys=75.0', 'vin=vin-99953383234641']}


### SELECT_MAX
|Seq|spent time          |
|1  |3.188677            |
|2  |3.143307            |
|3  |3.170806            |
|4  |3.109947            |
|5  |3.221584            |
Average data scan for SELECT_MAX is: 0.189905 MB

Average time for SELECT_MAX is: 3.166864 s

Running query [3] : [SELECT_BIN]
Query progress so far: 100.0%
Data scanned so far is: 1.241917 MB
Data metered so far is: 9.536743 MB
Data: 
{['binned_timestamp=2021-04-05 05:50:00.000000000', 'avg_value_5mins=135.28356247369638', 'vin=vin-34684508349401']}
{['binned_timestamp=2021-04-05 05:50:00.000000000', 'avg_value_5mins=76.88762445594925', 'vin=vin-61168809593739']}
{['binned_timestamp=2021-04-05 05:49:00.000000000', 'avg_value_5mins=123.13670460860881', 'vin=vin-28582637061469']}
{['binned_timestamp=2021-04-05 05:49:00.000000000', 'avg_value_5mins=79.53972479650876', 'vin=vin-81433578774149']}
{['binned_timestamp=2021-04-05 05:50:00.000000000', 'avg_value_5mins=62.22619294192932', 'vin=vin-49251452911138']}
{['binned_timestamp=2021-04-05 05:50:00.000000000', 'avg_value_5mins=112.88575064885632', 'vin=vin-71735296402769']}
{['binned_timestamp=2021-04-05 05:49:00.000000000', 'avg_value_5mins=107.33670389518036', 'vin=vin-41408725185741']}
{['binned_timestamp=2021-04-05 05:50:00.000000000', 'avg_value_5mins=138.93799660001798', 'vin=vin-63531249224863']}
{['binned_timestamp=2021-04-05 05:50:00.000000000', 'avg_value_5mins=55.15517050232536', 'vin=vin-65412502661881']}
{['binned_timestamp=2021-04-05 05:49:00.000000000', 'avg_value_5mins=127.03153271118148', 'vin=vin-56504299851594']}
{['binned_timestamp=2021-04-05 05:49:00.000000000', 'avg_value_5mins=51.71311181316874', 'vin=vin-41489860842555']}
{['binned_timestamp=2021-04-05 05:50:00.000000000', 'avg_value_5mins=82.62980967566304', 'vin=vin-21037449054415']}
{['binned_timestamp=2021-04-05 05:49:00.000000000', 'avg_value_5mins=74.37331076267806', 'vin=vin-58161044890064']}
{['binned_timestamp=2021-04-05 05:50:00.000000000', 'avg_value_5mins=132.7414401481058', 'vin=vin-75288446612911']}
{['binned_timestamp=2021-04-05 05:49:00.000000000', 'avg_value_5mins=43.42916120140961', 'vin=vin-26019112081538']}
{['binned_timestamp=2021-04-05 05:49:00.000000000', 'avg_value_5mins=120.63792293305387', 'vin=vin-91548549531577']}
{['binned_timestamp=2021-04-05 05:49:00.000000000', 'avg_value_5mins=100.6391122506614', 'vin=vin-33136595180596']}
{['binned_timestamp=2021-04-05 05:50:00.000000000', 'avg_value_5mins=65.66544612151102', 'vin=vin-62568564990371']}
{['binned_timestamp=2021-04-05 05:49:00.000000000', 'avg_value_5mins=151.42522746403674', 'vin=vin-80064077346713']}
{['binned_timestamp=2021-04-05 05:49:00.000000000', 'avg_value_5mins=79.86481212241252', 'vin=vin-50472063187449']}
Query progress so far: 100.0%
Data scanned so far is: 1.241917 MB
Data metered so far is: 9.536743 MB
Data: 
{['binned_timestamp=2021-04-05 05:50:00.000000000', 'avg_value_5mins=85.86726224491638', 'vin=vin-51334631723311']}
{['binned_timestamp=2021-04-05 05:49:00.000000000', 'avg_value_5mins=87.08696672641722', 'vin=vin-43909944942124']}
{['binned_timestamp=2021-04-05 05:50:00.000000000', 'avg_value_5mins=150.1125040234093', 'vin=vin-27187161680195']}
{['binned_timestamp=2021-04-05 05:49:00.000000000', 'avg_value_5mins=52.3770995064945', 'vin=vin-16674285324740']}
{['binned_timestamp=2021-04-05 05:49:00.000000000', 'avg_value_5mins=53.82412293908961', 'vin=vin-52416308710022']}
{['binned_timestamp=2021-04-05 05:50:00.000000000', 'avg_value_5mins=102.23955351751394', 'vin=vin-16382141913973']}
{['binned_timestamp=2021-04-05 05:49:00.000000000', 'avg_value_5mins=55.71412308060275', 'vin=vin-36211985248185']}
{['binned_timestamp=2021-04-05 05:50:00.000000000', 'avg_value_5mins=125.95275877637032', 'vin=vin-43971458051961']}
{['binned_timestamp=2021-04-05 05:50:00.000000000', 'avg_value_5mins=123.24550422463997', 'vin=vin-97127301069942']}
{['binned_timestamp=2021-04-05 05:49:00.000000000', 'avg_value_5mins=119.2157006614979', 'vin=vin-87439429481727']}
{['binned_timestamp=2021-04-05 05:49:00.000000000', 'avg_value_5mins=49.732413442601995', 'vin=vin-63198981628812']}
{['binned_timestamp=2021-04-05 05:50:00.000000000', 'avg_value_5mins=87.48582100057422', 'vin=vin-57061213830522']}
{['binned_timestamp=2021-04-05 05:49:00.000000000', 'avg_value_5mins=86.13278416420988', 'vin=vin-42970409800512']}
{['binned_timestamp=2021-04-05 05:49:00.000000000', 'avg_value_5mins=149.61135147383393', 'vin=vin-11703115213747']}
{['binned_timestamp=2021-04-05 05:50:00.000000000', 'avg_value_5mins=113.27131205119572', 'vin=vin-44125860592126']}
{['binned_timestamp=2021-04-05 05:50:00.000000000', 'avg_value_5mins=101.6090040884596', 'vin=vin-43469318333641']}
{['binned_timestamp=2021-04-05 05:50:00.000000000', 'avg_value_5mins=124.46772965083531', 'vin=vin-83650098362056']}
{['binned_timestamp=2021-04-05 05:49:00.000000000', 'avg_value_5mins=118.96633096431772', 'vin=vin-34688148591351']}
{['binned_timestamp=2021-04-05 05:49:00.000000000', 'avg_value_5mins=122.90733092506075', 'vin=vin-15795417163655']}
{['binned_timestamp=2021-04-05 05:49:00.000000000', 'avg_value_5mins=103.21827013974207', 'vin=vin-29221428941053']}
Query progress so far: 100.0%
Data scanned so far is: 1.241917 MB
Data metered so far is: 9.536743 MB
Data: 
{['binned_timestamp=2021-04-05 05:50:00.000000000', 'avg_value_5mins=90.98353483355223', 'vin=vin-56212761017846']}
{['binned_timestamp=2021-04-05 05:49:00.000000000', 'avg_value_5mins=87.89250591156852', 'vin=vin-74291797612318']}
{['binned_timestamp=2021-04-05 05:50:00.000000000', 'avg_value_5mins=80.14002947701795', 'vin=vin-84120791168546']}
{['binned_timestamp=2021-04-05 05:49:00.000000000', 'avg_value_5mins=76.3095653113215', 'vin=vin-76197644374840']}
{['binned_timestamp=2021-04-05 05:49:00.000000000', 'avg_value_5mins=65.25990292517574', 'vin=vin-35036592934494']}
{['binned_timestamp=2021-04-05 05:50:00.000000000', 'avg_value_5mins=69.01581576912295', 'vin=vin-47195936672810']}
{['binned_timestamp=2021-04-05 05:49:00.000000000', 'avg_value_5mins=60.44279089516458', 'vin=vin-76216793157994']}
{['binned_timestamp=2021-04-05 05:50:00.000000000', 'avg_value_5mins=107.41369864218993', 'vin=vin-81807346232817']}
{['binned_timestamp=2021-04-05 05:50:00.000000000', 'avg_value_5mins=120.30900425470286', 'vin=vin-80187657549465']}
{['binned_timestamp=2021-04-05 05:49:00.000000000', 'avg_value_5mins=136.20958761585896', 'vin=vin-66428389118827']}
{['binned_timestamp=2021-04-05 05:49:00.000000000', 'avg_value_5mins=57.41535923076164', 'vin=vin-66780517505617']}
{['binned_timestamp=2021-04-05 05:49:00.000000000', 'avg_value_5mins=130.7282024010474', 'vin=vin-97412721282545']}
{['binned_timestamp=2021-04-05 05:49:00.000000000', 'avg_value_5mins=68.55605238919463', 'vin=vin-35062068355364']}
{['binned_timestamp=2021-04-05 05:50:00.000000000', 'avg_value_5mins=73.25776106883575', 'vin=vin-60621520984323']}
{['binned_timestamp=2021-04-05 05:50:00.000000000', 'avg_value_5mins=91.73072824835884', 'vin=vin-35390022312602']}
{['binned_timestamp=2021-04-05 05:49:00.000000000', 'avg_value_5mins=60.62933494066225', 'vin=vin-76049743087039']}
{['binned_timestamp=2021-04-05 05:49:00.000000000', 'avg_value_5mins=89.9245338360258', 'vin=vin-91082695689528']}
{['binned_timestamp=2021-04-05 05:50:00.000000000', 'avg_value_5mins=131.20762742031664', 'vin=vin-72765394832342']}
{['binned_timestamp=2021-04-05 05:50:00.000000000', 'avg_value_5mins=82.71307987121281', 'vin=vin-42666882025691']}
{['binned_timestamp=2021-04-05 05:49:00.000000000', 'avg_value_5mins=54.86839443989841', 'vin=vin-86146358243086']}
Query progress so far: 100.0%
Data scanned so far is: 1.241917 MB
Data metered so far is: 9.536743 MB
Data: 
{['binned_timestamp=2021-04-05 05:49:00.000000000', 'avg_value_5mins=48.56287370259377', 'vin=vin-24965208412461']}
{['binned_timestamp=2021-04-05 05:49:00.000000000', 'avg_value_5mins=126.76548947641001', 'vin=vin-72194079784504']}
{['binned_timestamp=2021-04-05 05:49:00.000000000', 'avg_value_5mins=94.16278382785882', 'vin=vin-32195040348082']}
{['binned_timestamp=2021-04-05 05:49:00.000000000', 'avg_value_5mins=85.1416617754215', 'vin=vin-62678935036314']}
{['binned_timestamp=2021-04-05 05:49:00.000000000', 'avg_value_5mins=98.30935754327353', 'vin=vin-26246052578249']}
{['binned_timestamp=2021-04-05 05:50:00.000000000', 'avg_value_5mins=54.976283867538314', 'vin=vin-30318009120563']}
{['binned_timestamp=2021-04-05 05:50:00.000000000', 'avg_value_5mins=145.21173864579578', 'vin=vin-68022811028682']}
{['binned_timestamp=2021-04-05 05:50:00.000000000', 'avg_value_5mins=85.75542617517729', 'vin=vin-23082227658790']}
{['binned_timestamp=2021-04-05 05:50:00.000000000', 'avg_value_5mins=87.71324750820861', 'vin=vin-52858608847919']}
{['binned_timestamp=2021-04-05 05:49:00.000000000', 'avg_value_5mins=70.00743592958281', 'vin=vin-97301754163695']}
{['binned_timestamp=2021-04-05 05:50:00.000000000', 'avg_value_5mins=94.56059687517421', 'vin=vin-24616060903248']}
{['binned_timestamp=2021-04-05 05:49:00.000000000', 'avg_value_5mins=132.7704333140546', 'vin=vin-44265887508196']}
{['binned_timestamp=2021-04-05 05:49:00.000000000', 'avg_value_5mins=114.86478828469576', 'vin=vin-79526414194552']}
{['binned_timestamp=2021-04-05 05:49:00.000000000', 'avg_value_5mins=106.94327460970787', 'vin=vin-89839287215351']}
{['binned_timestamp=2021-04-05 05:50:00.000000000', 'avg_value_5mins=59.63841637242665', 'vin=vin-16176224872960']}
{['binned_timestamp=2021-04-05 05:50:00.000000000', 'avg_value_5mins=54.562949587704814', 'vin=vin-28787769924985']}
{['binned_timestamp=2021-04-05 05:49:00.000000000', 'avg_value_5mins=68.11477564056585', 'vin=vin-59177054651398']}
{['binned_timestamp=2021-04-05 05:49:00.000000000', 'avg_value_5mins=53.2470023712772', 'vin=vin-10772916491669']}
{['binned_timestamp=2021-04-05 05:49:00.000000000', 'avg_value_5mins=110.78415318726164', 'vin=vin-98659545336695']}
{['binned_timestamp=2021-04-05 05:50:00.000000000', 'avg_value_5mins=134.08629083815862', 'vin=vin-64660817772106']}
Query progress so far: 100.0%
Data scanned so far is: 1.241917 MB
Data metered so far is: 9.536743 MB
Data: 
{['binned_timestamp=2021-04-05 05:49:00.000000000', 'avg_value_5mins=82.1864009653965', 'vin=vin-21010852139716']}
{['binned_timestamp=2021-04-05 05:49:00.000000000', 'avg_value_5mins=107.66738872118628', 'vin=vin-83245783246653']}
{['binned_timestamp=2021-04-05 05:50:00.000000000', 'avg_value_5mins=138.28925510060236', 'vin=vin-64421460480914']}
{['binned_timestamp=2021-04-05 05:49:00.000000000', 'avg_value_5mins=106.0817505771452', 'vin=vin-74477628851228']}
{['binned_timestamp=2021-04-05 05:49:00.000000000', 'avg_value_5mins=86.40103926068798', 'vin=vin-98770811656806']}
{['binned_timestamp=2021-04-05 05:49:00.000000000', 'avg_value_5mins=137.60280280397257', 'vin=vin-64106284946786']}
{['binned_timestamp=2021-04-05 05:49:00.000000000', 'avg_value_5mins=81.08069647034839', 'vin=vin-14254644070618']}
{['binned_timestamp=2021-04-05 05:49:00.000000000', 'avg_value_5mins=57.16193591170454', 'vin=vin-97263961434586']}
{['binned_timestamp=2021-04-05 05:49:00.000000000', 'avg_value_5mins=76.30975935362287', 'vin=vin-92475231938063']}
{['binned_timestamp=2021-04-05 05:49:00.000000000', 'avg_value_5mins=66.56393263114111', 'vin=vin-91270689201610']}
{['binned_timestamp=2021-04-05 05:50:00.000000000', 'avg_value_5mins=126.40006093798691', 'vin=vin-90682957378067']}
{['binned_timestamp=2021-04-05 05:49:00.000000000', 'avg_value_5mins=113.68245988928152', 'vin=vin-87984548377293']}
{['binned_timestamp=2021-04-05 05:49:00.000000000', 'avg_value_5mins=148.05064226369964', 'vin=vin-36426740316201']}
{['binned_timestamp=2021-04-05 05:49:00.000000000', 'avg_value_5mins=56.05970002229053', 'vin=vin-31175045019662']}
{['binned_timestamp=2021-04-05 05:50:00.000000000', 'avg_value_5mins=101.27992294409245', 'vin=vin-32361702492322']}
{['binned_timestamp=2021-04-05 05:50:00.000000000', 'avg_value_5mins=90.87324851632913', 'vin=vin-44846500767608']}
{['binned_timestamp=2021-04-05 05:50:00.000000000', 'avg_value_5mins=95.58298627292652', 'vin=vin-38187929325429']}
{['binned_timestamp=2021-04-05 05:49:00.000000000', 'avg_value_5mins=118.96633096431772', 'vin=vin-34688148591351']}
{['binned_timestamp=2021-04-05 05:49:00.000000000', 'avg_value_5mins=122.90733092506075', 'vin=vin-15795417163655']}
{['binned_timestamp=2021-04-05 05:49:00.000000000', 'avg_value_5mins=103.21827013974205', 'vin=vin-29221428941053']}


### SELECT_BIN
|Seq|spent time          |
|1  |3.209430            |
|2  |3.269454            |
|3  |3.119696            |
|4  |3.250868            |
|5  |3.091043            |
Average data scan for SELECT_BIN is: 1.241917 MB

Average time for SELECT_BIN is: 3.188098 s

Running query [4] : [SELECT_TRUNC]
Query progress so far: 100.0%
Data scanned so far is: 1.241917 MB
Data metered so far is: 9.536743 MB
Data: 
{['min_timestamp=2021-04-05 05:49:00.000000000', 'avg_value_1min=136.64525159649722', 'vin=vin-97523346204920']}
{['min_timestamp=2021-04-05 05:49:00.000000000', 'avg_value_1min=57.26173370095535', 'vin=vin-78134827713668']}
{['min_timestamp=2021-04-05 05:50:00.000000000', 'avg_value_1min=113.81298867407838', 'vin=vin-98603705593120']}
{['min_timestamp=2021-04-05 05:50:00.000000000', 'avg_value_1min=114.46659118797413', 'vin=vin-27161997300258']}
{['min_timestamp=2021-04-05 05:49:00.000000000', 'avg_value_1min=102.93998081655131', 'vin=vin-22278063647328']}
{['min_timestamp=2021-04-05 05:49:00.000000000', 'avg_value_1min=139.99410464074256', 'vin=vin-71565944751614']}
{['min_timestamp=2021-04-05 05:49:00.000000000', 'avg_value_1min=71.53578573275826', 'vin=vin-20989421044693']}
{['min_timestamp=2021-04-05 05:49:00.000000000', 'avg_value_1min=43.18448392199526', 'vin=vin-83183589680727']}
{['min_timestamp=2021-04-05 05:50:00.000000000', 'avg_value_1min=123.56705651205695', 'vin=vin-87067823591871']}
{['min_timestamp=2021-04-05 05:49:00.000000000', 'avg_value_1min=115.55836754554703', 'vin=vin-38122469455794']}
{['min_timestamp=2021-04-05 05:49:00.000000000', 'avg_value_1min=132.96279154820942', 'vin=vin-25136670593221']}
{['min_timestamp=2021-04-05 05:49:00.000000000', 'avg_value_1min=64.25744256817741', 'vin=vin-61157088715776']}
{['min_timestamp=2021-04-05 05:50:00.000000000', 'avg_value_1min=44.440984435106095', 'vin=vin-89218619473902']}
{['min_timestamp=2021-04-05 05:50:00.000000000', 'avg_value_1min=97.36729106912428', 'vin=vin-94591657969986']}
{['min_timestamp=2021-04-05 05:49:00.000000000', 'avg_value_1min=129.99186732815264', 'vin=vin-23847313594412']}
{['min_timestamp=2021-04-05 05:50:00.000000000', 'avg_value_1min=88.48015945955811', 'vin=vin-53525720055719']}
{['min_timestamp=2021-04-05 05:49:00.000000000', 'avg_value_1min=128.75504417944663', 'vin=vin-28317409547760']}
{['min_timestamp=2021-04-05 05:49:00.000000000', 'avg_value_1min=94.05738828269996', 'vin=vin-61628771876295']}
{['min_timestamp=2021-04-05 05:50:00.000000000', 'avg_value_1min=107.02731354093426', 'vin=vin-67926178266958']}
{['min_timestamp=2021-04-05 05:50:00.000000000', 'avg_value_1min=62.95447209079198', 'vin=vin-43559606908882']}
Query progress so far: 100.0%
Data scanned so far is: 1.241917 MB
Data metered so far is: 9.536743 MB
Data: 
{['min_timestamp=2021-04-05 05:49:00.000000000', 'avg_value_1min=51.71311181316872', 'vin=vin-41489860842555']}
{['min_timestamp=2021-04-05 05:50:00.000000000', 'avg_value_1min=82.62980967566304', 'vin=vin-21037449054415']}
{['min_timestamp=2021-04-05 05:49:00.000000000', 'avg_value_1min=74.37331076267806', 'vin=vin-58161044890064']}
{['min_timestamp=2021-04-05 05:50:00.000000000', 'avg_value_1min=132.7414401481058', 'vin=vin-75288446612911']}
{['min_timestamp=2021-04-05 05:49:00.000000000', 'avg_value_1min=43.42916120140961', 'vin=vin-26019112081538']}
{['min_timestamp=2021-04-05 05:49:00.000000000', 'avg_value_1min=120.63792293305387', 'vin=vin-91548549531577']}
{['min_timestamp=2021-04-05 05:49:00.000000000', 'avg_value_1min=100.6391122506614', 'vin=vin-33136595180596']}
{['min_timestamp=2021-04-05 05:50:00.000000000', 'avg_value_1min=65.66544612151102', 'vin=vin-62568564990371']}
{['min_timestamp=2021-04-05 05:49:00.000000000', 'avg_value_1min=151.42522746403674', 'vin=vin-80064077346713']}
{['min_timestamp=2021-04-05 05:49:00.000000000', 'avg_value_1min=79.86481212241252', 'vin=vin-50472063187449']}
{['min_timestamp=2021-04-05 05:49:00.000000000', 'avg_value_1min=141.72803350793816', 'vin=vin-28119576879893']}
{['min_timestamp=2021-04-05 05:49:00.000000000', 'avg_value_1min=117.3560294952432', 'vin=vin-37044704958575']}
{['min_timestamp=2021-04-05 05:50:00.000000000', 'avg_value_1min=45.45416372067', 'vin=vin-51937548442951']}
{['min_timestamp=2021-04-05 05:50:00.000000000', 'avg_value_1min=127.89634091714086', 'vin=vin-13116743759995']}
{['min_timestamp=2021-04-05 05:50:00.000000000', 'avg_value_1min=52.43041891417116', 'vin=vin-99927816904382']}
{['min_timestamp=2021-04-05 05:50:00.000000000', 'avg_value_1min=138.18885324965305', 'vin=vin-69866253236203']}
{['min_timestamp=2021-04-05 05:50:00.000000000', 'avg_value_1min=96.11458399993884', 'vin=vin-51328982126898']}
{['min_timestamp=2021-04-05 05:50:00.000000000', 'avg_value_1min=105.36318354591819', 'vin=vin-92808004663743']}
{['min_timestamp=2021-04-05 05:49:00.000000000', 'avg_value_1min=94.70255824287366', 'vin=vin-90827380076869']}
{['min_timestamp=2021-04-05 05:49:00.000000000', 'avg_value_1min=52.86509872200187', 'vin=vin-79356329054115']}
Query progress so far: 100.0%
Data scanned so far is: 1.241917 MB
Data metered so far is: 9.536743 MB
Data: 
{['min_timestamp=2021-04-05 05:49:00.000000000', 'avg_value_1min=72.14882919702427', 'vin=vin-71626231896330']}
{['min_timestamp=2021-04-05 05:50:00.000000000', 'avg_value_1min=63.162798356479655', 'vin=vin-73456325258286']}
{['min_timestamp=2021-04-05 05:50:00.000000000', 'avg_value_1min=121.59008959461055', 'vin=vin-88889428987066']}
{['min_timestamp=2021-04-05 05:49:00.000000000', 'avg_value_1min=75.99008709975408', 'vin=vin-95882595928356']}
{['min_timestamp=2021-04-05 05:49:00.000000000', 'avg_value_1min=78.01240787652084', 'vin=vin-96630016201155']}
{['min_timestamp=2021-04-05 05:49:00.000000000', 'avg_value_1min=71.70281520641086', 'vin=vin-63360621631834']}
{['min_timestamp=2021-04-05 05:49:00.000000000', 'avg_value_1min=119.47140221506943', 'vin=vin-10368392463382']}
{['min_timestamp=2021-04-05 05:50:00.000000000', 'avg_value_1min=94.48676405630263', 'vin=vin-16192819938831']}
{['min_timestamp=2021-04-05 05:50:00.000000000', 'avg_value_1min=68.1351621059977', 'vin=vin-46575630676888']}
{['min_timestamp=2021-04-05 05:50:00.000000000', 'avg_value_1min=60.84996221216427', 'vin=vin-78415213157955']}
{['min_timestamp=2021-04-05 05:50:00.000000000', 'avg_value_1min=76.89985994933136', 'vin=vin-28504338430319']}
{['min_timestamp=2021-04-05 05:50:00.000000000', 'avg_value_1min=58.639004738320764', 'vin=vin-24928658759247']}
{['min_timestamp=2021-04-05 05:50:00.000000000', 'avg_value_1min=129.43712414489474', 'vin=vin-72095917087007']}
{['min_timestamp=2021-04-05 05:50:00.000000000', 'avg_value_1min=74.36086494716233', 'vin=vin-17659605601290']}
{['min_timestamp=2021-04-05 05:50:00.000000000', 'avg_value_1min=141.0330993773306', 'vin=vin-46359605628678']}
{['min_timestamp=2021-04-05 05:50:00.000000000', 'avg_value_1min=48.571115855935254', 'vin=vin-64705108888000']}
{['min_timestamp=2021-04-05 05:50:00.000000000', 'avg_value_1min=127.40249257489332', 'vin=vin-54586286378803']}
{['min_timestamp=2021-04-05 05:50:00.000000000', 'avg_value_1min=109.77159704468106', 'vin=vin-33701398370260']}
{['min_timestamp=2021-04-05 05:49:00.000000000', 'avg_value_1min=88.92098813749139', 'vin=vin-24775667034074']}
{['min_timestamp=2021-04-05 05:49:00.000000000', 'avg_value_1min=51.71311181316874', 'vin=vin-41489860842555']}
Query progress so far: 100.0%
Data scanned so far is: 1.241917 MB
Data metered so far is: 9.536743 MB
Data: 
{['min_timestamp=2021-04-05 05:49:00.000000000', 'avg_value_1min=51.71311181316872', 'vin=vin-41489860842555']}
{['min_timestamp=2021-04-05 05:50:00.000000000', 'avg_value_1min=82.62980967566304', 'vin=vin-21037449054415']}
{['min_timestamp=2021-04-05 05:50:00.000000000', 'avg_value_1min=96.11458399993884', 'vin=vin-51328982126898']}
{['min_timestamp=2021-04-05 05:50:00.000000000', 'avg_value_1min=105.36318354591819', 'vin=vin-92808004663743']}
{['min_timestamp=2021-04-05 05:49:00.000000000', 'avg_value_1min=94.70255824287368', 'vin=vin-90827380076869']}
{['min_timestamp=2021-04-05 05:50:00.000000000', 'avg_value_1min=65.66544612151104', 'vin=vin-62568564990371']}
{['min_timestamp=2021-04-05 05:49:00.000000000', 'avg_value_1min=52.86509872200188', 'vin=vin-79356329054115']}
{['min_timestamp=2021-04-05 05:49:00.000000000', 'avg_value_1min=75.55301354251841', 'vin=vin-99389767923131']}
{['min_timestamp=2021-04-05 05:49:00.000000000', 'avg_value_1min=141.72803350793816', 'vin=vin-28119576879893']}
{['min_timestamp=2021-04-05 05:49:00.000000000', 'avg_value_1min=117.3560294952432', 'vin=vin-37044704958575']}
{['min_timestamp=2021-04-05 05:50:00.000000000', 'avg_value_1min=123.44603914791465', 'vin=vin-18193185440575']}
{['min_timestamp=2021-04-05 05:50:00.000000000', 'avg_value_1min=45.45416372067001', 'vin=vin-51937548442951']}
{['min_timestamp=2021-04-05 05:50:00.000000000', 'avg_value_1min=137.8196433958033', 'vin=vin-98902405118945']}
{['min_timestamp=2021-04-05 05:50:00.000000000', 'avg_value_1min=127.89634091714086', 'vin=vin-13116743759995']}
{['min_timestamp=2021-04-05 05:50:00.000000000', 'avg_value_1min=52.43041891417116', 'vin=vin-99927816904382']}
{['min_timestamp=2021-04-05 05:50:00.000000000', 'avg_value_1min=132.0673571794156', 'vin=vin-21451223784989']}
{['min_timestamp=2021-04-05 05:50:00.000000000', 'avg_value_1min=138.18885324965305', 'vin=vin-69866253236203']}
{['min_timestamp=2021-04-05 05:49:00.000000000', 'avg_value_1min=74.37331076267806', 'vin=vin-58161044890064']}
{['min_timestamp=2021-04-05 05:50:00.000000000', 'avg_value_1min=132.7414401481058', 'vin=vin-75288446612911']}
{['min_timestamp=2021-04-05 05:49:00.000000000', 'avg_value_1min=43.429161201409606', 'vin=vin-26019112081538']}
Query progress so far: 100.0%
Data scanned so far is: 1.241917 MB
Data metered so far is: 9.536743 MB
Data: 
{['min_timestamp=2021-04-05 05:49:00.000000000', 'avg_value_1min=76.30956531132149', 'vin=vin-76197644374840']}
{['min_timestamp=2021-04-05 05:49:00.000000000', 'avg_value_1min=87.89250591156852', 'vin=vin-74291797612318']}
{['min_timestamp=2021-04-05 05:49:00.000000000', 'avg_value_1min=65.25990292517574', 'vin=vin-35036592934494']}
{['min_timestamp=2021-04-05 05:50:00.000000000', 'avg_value_1min=69.01581576912295', 'vin=vin-47195936672810']}
{['min_timestamp=2021-04-05 05:50:00.000000000', 'avg_value_1min=80.14002947701795', 'vin=vin-84120791168546']}
{['min_timestamp=2021-04-05 05:50:00.000000000', 'avg_value_1min=90.98353483355223', 'vin=vin-56212761017846']}
{['min_timestamp=2021-04-05 05:49:00.000000000', 'avg_value_1min=145.56980264528573', 'vin=vin-59100405203427']}
{['min_timestamp=2021-04-05 05:49:00.000000000', 'avg_value_1min=102.89130461110571', 'vin=vin-29605738816617']}
{['min_timestamp=2021-04-05 05:50:00.000000000', 'avg_value_1min=52.875476781979486', 'vin=vin-64412917800737']}
{['min_timestamp=2021-04-05 05:49:00.000000000', 'avg_value_1min=59.85902527157665', 'vin=vin-17337846273262']}
{['min_timestamp=2021-04-05 05:49:00.000000000', 'avg_value_1min=102.79138974463233', 'vin=vin-82809808664741']}
{['min_timestamp=2021-04-05 05:49:00.000000000', 'avg_value_1min=108.61316931056483', 'vin=vin-12231767656449']}
{['min_timestamp=2021-04-05 05:50:00.000000000', 'avg_value_1min=66.01558131723685', 'vin=vin-95202918285895']}
{['min_timestamp=2021-04-05 05:49:00.000000000', 'avg_value_1min=65.35141894590063', 'vin=vin-17568696401722']}
{['min_timestamp=2021-04-05 05:49:00.000000000', 'avg_value_1min=68.50883504288353', 'vin=vin-60781787728711']}
{['min_timestamp=2021-04-05 05:50:00.000000000', 'avg_value_1min=58.12205522114654', 'vin=vin-83350891165866']}
{['min_timestamp=2021-04-05 05:50:00.000000000', 'avg_value_1min=54.48940356639927', 'vin=vin-34121966422841']}
{['min_timestamp=2021-04-05 05:50:00.000000000', 'avg_value_1min=54.58067465519705', 'vin=vin-26550376362071']}
{['min_timestamp=2021-04-05 05:50:00.000000000', 'avg_value_1min=49.91017456230958', 'vin=vin-23585558088953']}
{['min_timestamp=2021-04-05 05:50:00.000000000', 'avg_value_1min=132.9125483568758', 'vin=vin-56956433595885']}


### SELECT_TRUNC
|Seq|spent time          |
|1  |3.448718            |
|2  |3.113677            |
|3  |3.140502            |
|4  |3.128963            |
|5  |3.189645            |
Average data scan for SELECT_TRUNC is: 1.241917 MB

Average time for SELECT_TRUNC is: 3.204301 s

