2019-12-19 14:23:57,816 INFO MSG:Found credentials in shared credentials file: ~/.aws/credentials
2019-12-19 14:23:57,816 INFO MSG:Found credentials in shared credentials file: ~/.aws/credentials
2019-12-19 14:30:09,673 INFO MSG:Found credentials in shared credentials file: ~/.aws/credentials
2019-12-19 14:30:09,673 INFO MSG:Found credentials in shared credentials file: ~/.aws/credentials
2019-12-19 14:30:12,536 INFO MSG:create_user_table
2019-12-19 14:30:12,536 INFO MSG:create_user_table
2019-12-19 14:30:12,537 INFO MSG:CREATE TABLE `myuser` (
`id` INT NOT NULL AUTO_INCREMENT,
`employee_id` INT DEFAULT NULL,
`user_type` VARCHAR(50) DEFAULT NULL,
`username` VARCHAR(100) NOT NULL,
`password` VARCHAR(100) NOT NULL,
PRIMARY KEY (`id`)
) ENGINE=InnoDB DEFAULT CHARSET=utf8;
2019-12-19 14:30:12,537 INFO MSG:CREATE TABLE `myuser` (
`id` INT NOT NULL AUTO_INCREMENT,
`employee_id` INT DEFAULT NULL,
`user_type` VARCHAR(50) DEFAULT NULL,
`username` VARCHAR(100) NOT NULL,
`password` VARCHAR(100) NOT NULL,
PRIMARY KEY (`id`)
) ENGINE=InnoDB DEFAULT CHARSET=utf8;
2019-12-19 14:30:13,125 INFO MSG:CREATE TABLE `employee` (
`id` int NOT NULL AUTO_INCREMENT,
`first_name` varchar(100) NOT NULL,
`last_name` varchar(100) NOT NULL,
`job_title` varchar(100) DEFAULT NULL,
`salary` double DEFAULT NULL,
`notes` text,
PRIMARY KEY (`id`)
) ENGINE=InnoDB DEFAULT CHARSET=utf8;
2019-12-19 14:30:13,125 INFO MSG:CREATE TABLE `employee` (
`id` int NOT NULL AUTO_INCREMENT,
`first_name` varchar(100) NOT NULL,
`last_name` varchar(100) NOT NULL,
`job_title` varchar(100) DEFAULT NULL,
`salary` double DEFAULT NULL,
`notes` text,
PRIMARY KEY (`id`)
) ENGINE=InnoDB DEFAULT CHARSET=utf8;
2019-12-19 14:30:13,641 INFO MSG:insert_table
2019-12-19 14:30:13,641 INFO MSG:insert_table
2019-12-19 14:30:13,642 INFO MSG:INSERT INTO myuser (employee_id, user_type, username, password) VALUES
(0, "SUPER ADMIN", "admin", "admin"),
(1, "NORMAL", "robin", "robin"),
(2, "ADMIN", "taylor", "taylor"),
(3, "ADMIN", "vivian", "vivian"),
(4, "NORMAL", "harry", "harry"),
(7, "ADMIN", "melinda", "melinda"),
(8, "NORMAL", "harley", "harley");
2019-12-19 14:30:13,642 INFO MSG:INSERT INTO myuser (employee_id, user_type, username, password) VALUES
(0, "SUPER ADMIN", "admin", "admin"),
(1, "NORMAL", "robin", "robin"),
(2, "ADMIN", "taylor", "taylor"),
(3, "ADMIN", "vivian", "vivian"),
(4, "NORMAL", "harry", "harry"),
(7, "ADMIN", "melinda", "melinda"),
(8, "NORMAL", "harley", "harley");
2019-12-19 14:30:14,437 INFO MSG:INSERT INTO `employee` (`first_name`, `last_name`, `job_title`, `salary`) VALUES
("Robin", "Jackman", "Software Engineer", 5500),
("Taylor", "Edward", "Software Architect", 7200),
("Vivian", "Dickens", "Database Administrator", 6000),
("Harry", "Clifford", "Database Administrator", 6800),
("Eliza", "Clifford", "Software Engineer", 4750),
("Nancy", "Newman", "Software Engineer", 5100),
("Melinda", "Clifford", "Project Manager", 8500),
("Harley", "Gilbert", "Software Architect", 8000);
2019-12-19 14:30:14,437 INFO MSG:INSERT INTO `employee` (`first_name`, `last_name`, `job_title`, `salary`) VALUES
("Robin", "Jackman", "Software Engineer", 5500),
("Taylor", "Edward", "Software Architect", 7200),
("Vivian", "Dickens", "Database Administrator", 6000),
("Harry", "Clifford", "Database Administrator", 6800),
("Eliza", "Clifford", "Software Engineer", 4750),
("Nancy", "Newman", "Software Engineer", 5100),
("Melinda", "Clifford", "Project Manager", 8500),
("Harley", "Gilbert", "Software Architect", 8000);
2019-12-19 14:30:15,275 INFO MSG:get_user
2019-12-19 14:30:15,275 INFO MSG:get_user
2019-12-19 14:30:15,276 INFO MSG:select *  from employee where job_title = "Software Architect" order by id desc;
2019-12-19 14:30:15,276 INFO MSG:select *  from employee where job_title = "Software Architect" order by id desc;
2019-12-19 14:30:15,787 INFO MSG:[{'id': 2, 'first_name': 'Taylor', 'last_name': 'Edward', 'job_title': 'Software Architect', 'salary': 7200.0, 'notes': None}, {'id': 2, 'first_name': 'Taylor', 'last_name': 'Edward', 'job_title': 'Software Architect', 'salary': 7200.0, 'notes': None}]
2019-12-19 14:30:15,787 INFO MSG:[{'id': 2, 'first_name': 'Taylor', 'last_name': 'Edward', 'job_title': 'Software Architect', 'salary': 7200.0, 'notes': None}, {'id': 2, 'first_name': 'Taylor', 'last_name': 'Edward', 'job_title': 'Software Architect', 'salary': 7200.0, 'notes': None}]
2019-12-19 14:30:15,788 INFO MSG:query_user
2019-12-19 14:30:15,788 INFO MSG:query_user
2019-12-19 14:30:15,789 INFO MSG:select *  from myuser where user_type = "ADMIN" order by employee_id desc;
2019-12-19 14:30:15,789 INFO MSG:select *  from myuser where user_type = "ADMIN" order by employee_id desc;
2019-12-19 14:30:16,546 INFO MSG:[{'id': 3, 'employee_id': 2, 'user_type': 'ADMIN', 'username': 'taylor', 'password': 'taylor'}, {'id': 3, 'employee_id': 2, 'user_type': 'ADMIN', 'username': 'taylor', 'password': 'taylor'}, {'id': 3, 'employee_id': 2, 'user_type': 'ADMIN', 'username': 'taylor', 'password': 'taylor'}]
2019-12-19 14:30:16,546 INFO MSG:[{'id': 3, 'employee_id': 2, 'user_type': 'ADMIN', 'username': 'taylor', 'password': 'taylor'}, {'id': 3, 'employee_id': 2, 'user_type': 'ADMIN', 'username': 'taylor', 'password': 'taylor'}, {'id': 3, 'employee_id': 2, 'user_type': 'ADMIN', 'username': 'taylor', 'password': 'taylor'}]
2019-12-19 14:30:16,547 INFO MSG:query_employee_user
2019-12-19 14:30:16,547 INFO MSG:query_employee_user
2019-12-19 14:30:16,547 INFO MSG:select a.first_name, a.last_name, a.job_title, a.salary, b.user_type from employee as a, myuser as b where a.id=b.employee_id order by a.id desc;
2019-12-19 14:30:16,547 INFO MSG:select a.first_name, a.last_name, a.job_title, a.salary, b.user_type from employee as a, myuser as b where a.id=b.employee_id order by a.id desc;
2019-12-19 14:30:17,080 INFO MSG:[{'first_name': 'Robin', 'last_name': 'Jackman', 'job_title': 'Software Engineer', 'salary': 5500.0, 'user_type': 'NORMAL'}, {'first_name': 'Robin', 'last_name': 'Jackman', 'job_title': 'Software Engineer', 'salary': 5500.0, 'user_type': 'NORMAL'}, {'first_name': 'Robin', 'last_name': 'Jackman', 'job_title': 'Software Engineer', 'salary': 5500.0, 'user_type': 'NORMAL'}, {'first_name': 'Robin', 'last_name': 'Jackman', 'job_title': 'Software Engineer', 'salary': 5500.0, 'user_type': 'NORMAL'}, {'first_name': 'Robin', 'last_name': 'Jackman', 'job_title': 'Software Engineer', 'salary': 5500.0, 'user_type': 'NORMAL'}, {'first_name': 'Robin', 'last_name': 'Jackman', 'job_title': 'Software Engineer', 'salary': 5500.0, 'user_type': 'NORMAL'}]
2019-12-19 14:30:17,080 INFO MSG:[{'first_name': 'Robin', 'last_name': 'Jackman', 'job_title': 'Software Engineer', 'salary': 5500.0, 'user_type': 'NORMAL'}, {'first_name': 'Robin', 'last_name': 'Jackman', 'job_title': 'Software Engineer', 'salary': 5500.0, 'user_type': 'NORMAL'}, {'first_name': 'Robin', 'last_name': 'Jackman', 'job_title': 'Software Engineer', 'salary': 5500.0, 'user_type': 'NORMAL'}, {'first_name': 'Robin', 'last_name': 'Jackman', 'job_title': 'Software Engineer', 'salary': 5500.0, 'user_type': 'NORMAL'}, {'first_name': 'Robin', 'last_name': 'Jackman', 'job_title': 'Software Engineer', 'salary': 5500.0, 'user_type': 'NORMAL'}, {'first_name': 'Robin', 'last_name': 'Jackman', 'job_title': 'Software Engineer', 'salary': 5500.0, 'user_type': 'NORMAL'}]
2019-12-19 14:30:17,081 INFO MSG:update_table
2019-12-19 14:30:17,081 INFO MSG:update_table
2019-12-19 14:30:17,081 INFO MSG:update myuser set password="pwd" where user_type = "ADMIN"
2019-12-19 14:30:17,081 INFO MSG:update myuser set password="pwd" where user_type = "ADMIN"
2019-12-19 14:30:17,903 INFO MSG:update employee set notes="test rds" where job_title="Software Architect"
2019-12-19 14:30:17,903 INFO MSG:update employee set notes="test rds" where job_title="Software Architect"
2019-12-19 14:30:18,654 INFO MSG:update_table
2019-12-19 14:30:18,654 INFO MSG:update_table
2019-12-19 14:30:18,655 INFO MSG:delete from myuser where username="melinda"
2019-12-19 14:30:18,655 INFO MSG:delete from myuser where username="melinda"
2019-12-19 14:30:19,987 INFO MSG:[]
2019-12-19 14:30:19,987 INFO MSG:[]
2019-12-19 14:30:19,987 INFO MSG:exec_query
2019-12-19 14:30:19,987 INFO MSG:exec_query
2019-12-19 14:30:19,987 INFO MSG:select * from myuser;
2019-12-19 14:30:19,987 INFO MSG:select * from myuser;
2019-12-19 14:30:20,601 INFO MSG:[(1, 0, 'SUPER ADMIN', 'admin', 'admin'), (2, 1, 'NORMAL', 'robin', 'robin'), (3, 2, 'ADMIN', 'taylor', 'pwd'), (4, 3, 'ADMIN', 'vivian', 'pwd'), (5, 4, 'NORMAL', 'harry', 'harry'), (7, 8, 'NORMAL', 'harley', 'harley')]
2019-12-19 14:30:20,601 INFO MSG:[(1, 0, 'SUPER ADMIN', 'admin', 'admin'), (2, 1, 'NORMAL', 'robin', 'robin'), (3, 2, 'ADMIN', 'taylor', 'pwd'), (4, 3, 'ADMIN', 'vivian', 'pwd'), (5, 4, 'NORMAL', 'harry', 'harry'), (7, 8, 'NORMAL', 'harley', 'harley')]
2019-12-19 14:30:20,602 INFO MSG:20191219Test RDS
2019-12-19 14:30:20,602 INFO MSG:20191219Test RDS
